
[13/12/2025 23:30:23.63] install_deps.bat start
[13/12/2025 23:30:23.63] REAL_ROOT=C:\Valesco_System_V3.5
[13/12/2025 23:30:23.63] PY_DIR=C:\Valesco_System_V3.5\engine\python_runtime
[13/12/2025 23:30:23.63] INFO cold boot start
Collecting pip
  Using cached pip-25.3-py3-none-any.whl.metadata (4.7 kB)
Collecting setuptools
  Using cached setuptools-80.9.0-py3-none-any.whl.metadata (6.6 kB)
Collecting wheel
  Using cached wheel-0.45.1-py3-none-any.whl.metadata (2.3 kB)
Using cached pip-25.3-py3-none-any.whl (1.8 MB)
Using cached setuptools-80.9.0-py3-none-any.whl (1.2 MB)
Using cached wheel-0.45.1-py3-none-any.whl (72 kB)
Installing collected packages: wheel, setuptools, pip

Successfully installed pip-25.3 setuptools-80.9.0 wheel-0.45.1
Collecting pandas
  Using cached pandas-2.3.3-cp311-cp311-win_amd64.whl.metadata (19 kB)
Collecting openpyxl
  Using cached openpyxl-3.1.5-py2.py3-none-any.whl.metadata (2.5 kB)
Collecting pyyaml
  Using cached pyyaml-6.0.3-cp311-cp311-win_amd64.whl.metadata (2.4 kB)
Collecting jsonschema
  Using cached jsonschema-4.25.1-py3-none-any.whl.metadata (7.6 kB)
Collecting numpy>=1.23.2 (from pandas)
  Using cached numpy-2.3.5-cp311-cp311-win_amd64.whl.metadata (60 kB)
Collecting python-dateutil>=2.8.2 (from pandas)
  Using cached python_dateutil-2.9.0.post0-py2.py3-none-any.whl.metadata (8.4 kB)
Collecting pytz>=2020.1 (from pandas)
  Using cached pytz-2025.2-py2.py3-none-any.whl.metadata (22 kB)
Collecting tzdata>=2022.7 (from pandas)
  Using cached tzdata-2025.3-py2.py3-none-any.whl.metadata (1.4 kB)
Collecting et-xmlfile (from openpyxl)
  Using cached et_xmlfile-2.0.0-py3-none-any.whl.metadata (2.7 kB)
Collecting attrs>=22.2.0 (from jsonschema)
  Using cached attrs-25.4.0-py3-none-any.whl.metadata (10 kB)
Collecting jsonschema-specifications>=2023.03.6 (from jsonschema)
  Using cached jsonschema_specifications-2025.9.1-py3-none-any.whl.metadata (2.9 kB)
Collecting referencing>=0.28.4 (from jsonschema)
  Using cached referencing-0.37.0-py3-none-any.whl.metadata (2.8 kB)
Collecting rpds-py>=0.7.1 (from jsonschema)
  Using cached rpds_py-0.30.0-cp311-cp311-win_amd64.whl.metadata (4.2 kB)
Collecting six>=1.5 (from python-dateutil>=2.8.2->pandas)
  Using cached six-1.17.0-py2.py3-none-any.whl.metadata (1.7 kB)
Collecting typing-extensions>=4.4.0 (from referencing>=0.28.4->jsonschema)
  Using cached typing_extensions-4.15.0-py3-none-any.whl.metadata (3.3 kB)
Using cached pandas-2.3.3-cp311-cp311-win_amd64.whl (11.3 MB)
Using cached openpyxl-3.1.5-py2.py3-none-any.whl (250 kB)
Using cached pyyaml-6.0.3-cp311-cp311-win_amd64.whl (158 kB)
Using cached jsonschema-4.25.1-py3-none-any.whl (90 kB)
Using cached attrs-25.4.0-py3-none-any.whl (67 kB)
Using cached jsonschema_specifications-2025.9.1-py3-none-any.whl (18 kB)
Using cached numpy-2.3.5-cp311-cp311-win_amd64.whl (13.1 MB)
Using cached python_dateutil-2.9.0.post0-py2.py3-none-any.whl (229 kB)
Using cached pytz-2025.2-py2.py3-none-any.whl (509 kB)
Using cached referencing-0.37.0-py3-none-any.whl (26 kB)
Using cached rpds_py-0.30.0-cp311-cp311-win_amd64.whl (236 kB)
Using cached six-1.17.0-py2.py3-none-any.whl (11 kB)
Using cached typing_extensions-4.15.0-py3-none-any.whl (44 kB)
Using cached tzdata-2025.3-py2.py3-none-any.whl (348 kB)
Using cached et_xmlfile-2.0.0-py3-none-any.whl (18 kB)
Installing collected packages: pytz, tzdata, typing-extensions, six, rpds-py, pyyaml, numpy, et-xmlfile, attrs, referencing, python-dateutil, openpyxl, pandas, jsonschema-specifications, jsonschema
  WARNING: The scripts f2py.exe and numpy-config.exe are installed in 'C:\Valesco_System_V3.5\engine\python_runtime\Scripts' which is not on PATH.
  Consider adding this directory to PATH or, if you prefer to suppress this warning, use --no-warn-script-location.
  WARNING: The script jsonschema.exe is installed in 'C:\Valesco_System_V3.5\engine\python_runtime\Scripts' which is not on PATH.
  Consider adding this directory to PATH or, if you prefer to suppress this warning, use --no-warn-script-location.

Successfully installed attrs-25.4.0 et-xmlfile-2.0.0 jsonschema-4.25.1 jsonschema-specifications-2025.9.1 numpy-2.3.5 openpyxl-3.1.5 pandas-2.3.3 python-dateutil-2.9.0.post0 pytz-2025.2 pyyaml-6.0.3 referencing-0.37.0 rpds-py-0.30.0 six-1.17.0 typing-extensions-4.15.0 tzdata-2025.3
[13/12/2025 23:30:58.12] OK environment ready
